0 info it worked if it ends with ok
1 verbose cli [ 'node', '/usr/local/bin/npm', 'install', 'steroids', '-g' ]
2 info using npm@2.7.4
3 info using node@v0.12.2
4 silly cache add args [ 'steroids', null ]
5 verbose cache add spec steroids
6 silly cache add parsed spec { raw: 'steroids',
6 silly cache add   scope: null,
6 silly cache add   name: 'steroids',
6 silly cache add   rawSpec: '',
6 silly cache add   spec: '*',
6 silly cache add   type: 'range' }
7 verbose addNamed steroids@*
8 silly addNamed semver.valid null
9 silly addNamed semver.validRange *
10 silly addNameRange { name: 'steroids', range: '*', hasData: false }
11 silly mapToRegistry name steroids
12 silly mapToRegistry using default registry
13 silly mapToRegistry registry https://registry.npmjs.org/
14 silly mapToRegistry uri https://registry.npmjs.org/steroids
15 verbose addNameRange registry:https://registry.npmjs.org/steroids not in flight; fetching
16 verbose request uri https://registry.npmjs.org/steroids
17 verbose request no auth needed
18 info attempt registry request try #1 at 3:39:27 PM
19 verbose request id f3b8c5287baf5ad8
20 http request GET https://registry.npmjs.org/steroids
21 http 200 https://registry.npmjs.org/steroids
22 silly get cb [ 200,
22 silly get   { date: 'Sat, 04 Apr 2015 20:39:29 GMT',
22 silly get     server: 'CouchDB/1.5.0 (Erlang OTP/R16B03)',
22 silly get     etag: '"8NP6HROMSAKF2AZVDY4FA045Q"',
22 silly get     'content-type': 'application/json',
22 silly get     'cache-control': 'max-age=60',
22 silly get     'content-length': '424602',
22 silly get     'accept-ranges': 'bytes',
22 silly get     via: '1.1 varnish',
22 silly get     age: '0',
22 silly get     'x-served-by': 'cache-dfw1821-DFW',
22 silly get     'x-cache': 'MISS',
22 silly get     'x-cache-hits': '0',
22 silly get     'x-timer': 'S1428179968.741195,VS0,VE501',
22 silly get     vary: 'Accept',
22 silly get     'keep-alive': 'timeout=10, max=50',
22 silly get     connection: 'Keep-Alive' } ]
23 verbose get saving steroids to /Users/arisatoyosaki/.npm/registry.npmjs.org/steroids/.cache.json
24 silly addNameRange number 2 { name: 'steroids', range: '*', hasData: true }
25 silly addNameRange versions [ 'steroids',
25 silly addNameRange   [ '0.0.1',
25 silly addNameRange     '0.1.0',
25 silly addNameRange     '0.1.1',
25 silly addNameRange     '0.2.0',
25 silly addNameRange     '0.2.1',
25 silly addNameRange     '0.2.2',
25 silly addNameRange     '0.2.3',
25 silly addNameRange     '0.2.4',
25 silly addNameRange     '0.2.5',
25 silly addNameRange     '0.2.6',
25 silly addNameRange     '0.2.7',
25 silly addNameRange     '0.2.8',
25 silly addNameRange     '0.2.9',
25 silly addNameRange     '0.3.0',
25 silly addNameRange     '0.4.0',
25 silly addNameRange     '0.4.1',
25 silly addNameRange     '0.4.2',
25 silly addNameRange     '0.4.3',
25 silly addNameRange     '0.5.0',
25 silly addNameRange     '0.5.1',
25 silly addNameRange     '0.5.2',
25 silly addNameRange     '0.5.3',
25 silly addNameRange     '0.5.5',
25 silly addNameRange     '0.5.6',
25 silly addNameRange     '0.5.7',
25 silly addNameRange     '0.5.8',
25 silly addNameRange     '0.6.0',
25 silly addNameRange     '0.6.1',
25 silly addNameRange     '0.6.2',
25 silly addNameRange     '0.6.3',
25 silly addNameRange     '0.6.4',
25 silly addNameRange     '0.6.5',
25 silly addNameRange     '0.6.6',
25 silly addNameRange     '0.6.7',
25 silly addNameRange     '0.6.8',
25 silly addNameRange     '0.6.9',
25 silly addNameRange     '0.6.10',
25 silly addNameRange     '0.6.11',
25 silly addNameRange     '0.6.12',
25 silly addNameRange     '0.6.13',
25 silly addNameRange     '0.6.14',
25 silly addNameRange     '0.6.15',
25 silly addNameRange     '0.6.16',
25 silly addNameRange     '0.6.18',
25 silly addNameRange     '0.6.20',
25 silly addNameRange     '0.6.21',
25 silly addNameRange     '0.6.22',
25 silly addNameRange     '0.6.23',
25 silly addNameRange     '0.6.24',
25 silly addNameRange     '0.6.25',
25 silly addNameRange     '0.6.26',
25 silly addNameRange     '0.7.0',
25 silly addNameRange     '0.7.1',
25 silly addNameRange     '0.7.2',
25 silly addNameRange     '0.7.3',
25 silly addNameRange     '0.8.0',
25 silly addNameRange     '0.8.1',
25 silly addNameRange     '0.9.0',
25 silly addNameRange     '0.9.1',
25 silly addNameRange     '0.9.2',
25 silly addNameRange     '0.9.3',
25 silly addNameRange     '0.9.4',
25 silly addNameRange     '0.9.5',
25 silly addNameRange     '0.9.6',
25 silly addNameRange     '0.9.7',
25 silly addNameRange     '0.9.8',
25 silly addNameRange     '0.9.9',
25 silly addNameRange     '0.9.10',
25 silly addNameRange     '0.10.0',
25 silly addNameRange     '0.10.1',
25 silly addNameRange     '0.10.2',
25 silly addNameRange     '0.10.3',
25 silly addNameRange     '0.10.4',
25 silly addNameRange     '0.10.5',
25 silly addNameRange     '0.10.6',
25 silly addNameRange     '0.10.7',
25 silly addNameRange     '0.10.8',
25 silly addNameRange     '0.10.9',
25 silly addNameRange     '0.10.10',
25 silly addNameRange     '0.10.11',
25 silly addNameRange     '0.10.12',
25 silly addNameRange     '0.10.13',
25 silly addNameRange     '0.10.14',
25 silly addNameRange     '0.10.15',
25 silly addNameRange     '0.10.16',
25 silly addNameRange     '0.10.17',
25 silly addNameRange     '2.7.0',
25 silly addNameRange     '2.7.1',
25 silly addNameRange     '2.7.2',
25 silly addNameRange     '2.7.3',
25 silly addNameRange     '2.7.4',
25 silly addNameRange     '2.7.5',
25 silly addNameRange     '2.7.6',
25 silly addNameRange     '2.7.7',
25 silly addNameRange     '2.7.8',
25 silly addNameRange     '2.7.9',
25 silly addNameRange     '2.7.10',
25 silly addNameRange     '2.7.11',
25 silly addNameRange     '2.7.12',
25 silly addNameRange     '2.7.13',
25 silly addNameRange     '2.7.14',
25 silly addNameRange     '2.7.15',
25 silly addNameRange     '2.7.16',
25 silly addNameRange     '2.7.17',
25 silly addNameRange     '2.7.18',
25 silly addNameRange     '2.7.19',
25 silly addNameRange     '2.7.20',
25 silly addNameRange     '2.7.21',
25 silly addNameRange     '2.7.22',
25 silly addNameRange     '2.7.23',
25 silly addNameRange     '2.7.24',
25 silly addNameRange     '2.7.25',
25 silly addNameRange     '2.7.26',
25 silly addNameRange     '2.7.27',
25 silly addNameRange     '2.7.28',
25 silly addNameRange     '2.7.29',
25 silly addNameRange     '2.7.30',
25 silly addNameRange     '2.7.31',
25 silly addNameRange     '2.7.32',
25 silly addNameRange     '2.7.33',
25 silly addNameRange     '2.7.34',
25 silly addNameRange     '2.7.35',
25 silly addNameRange     '2.7.36',
25 silly addNameRange     '2.7.37',
25 silly addNameRange     '2.7.38',
25 silly addNameRange     '2.7.39',
25 silly addNameRange     '3.1.0',
25 silly addNameRange     '3.1.1',
25 silly addNameRange     '2.7.40',
25 silly addNameRange     '3.1.2',
25 silly addNameRange     '2.7.41',
25 silly addNameRange     '3.1.3',
25 silly addNameRange     '3.1.4',
25 silly addNameRange     '3.1.5',
25 silly addNameRange     '3.1.6',
25 silly addNameRange     '3.1.7',
25 silly addNameRange     '3.1.8',
25 silly addNameRange     '3.1.9',
25 silly addNameRange     '3.1.10',
25 silly addNameRange     '3.1.11',
25 silly addNameRange     '3.1.12',
25 silly addNameRange     '3.1.13',
25 silly addNameRange     '3.1.14',
25 silly addNameRange     '3.1.15',
25 silly addNameRange     '3.1.16',
25 silly addNameRange     '3.1.17',
25 silly addNameRange     '3.1.18',
25 silly addNameRange     '3.1.19',
25 silly addNameRange     '3.1.20',
25 silly addNameRange     '3.1.21',
25 silly addNameRange     '3.1.22',
25 silly addNameRange     '3.1.23',
25 silly addNameRange     '3.1.24',
25 silly addNameRange     '3.1.25',
25 silly addNameRange     '3.1.26',
25 silly addNameRange     '3.1.27',
25 silly addNameRange     '3.1.28',
25 silly addNameRange     '3.5.0',
25 silly addNameRange     '3.5.1',
25 silly addNameRange     '3.5.3',
25 silly addNameRange     '3.5.4',
25 silly addNameRange     '3.5.5',
25 silly addNameRange     '3.5.6',
25 silly addNameRange     '3.5.7',
25 silly addNameRange     '3.5.8',
25 silly addNameRange     '3.5.9',
25 silly addNameRange     '3.5.10',
25 silly addNameRange     '3.5.11',
25 silly addNameRange     '3.5.12',
25 silly addNameRange     '3.5.13',
25 silly addNameRange     '3.5.14',
25 silly addNameRange     '3.5.15',
25 silly addNameRange     '3.5.16',
25 silly addNameRange     '3.5.17',
25 silly addNameRange     '4.0.0',
25 silly addNameRange     '4.0.1',
25 silly addNameRange     '4.0.2',
25 silly addNameRange     '4.0.3',
25 silly addNameRange     '4.0.4',
25 silly addNameRange     '4.0.5',
25 silly addNameRange     '4.0.6',
25 silly addNameRange     '4.0.7',
25 silly addNameRange     '4.0.8',
25 silly addNameRange     '4.0.9',
25 silly addNameRange     '4.0.10',
25 silly addNameRange     '4.0.11',
25 silly addNameRange     '4.0.12',
25 silly addNameRange     '4.0.13',
25 silly addNameRange     '4.0.14',
25 silly addNameRange     '4.0.15' ] ]
26 verbose addNamed steroids@4.0.15
27 silly addNamed semver.valid 4.0.15
28 silly addNamed semver.validRange 4.0.15
29 silly mapToRegistry name steroids
30 silly mapToRegistry using default registry
31 silly mapToRegistry registry https://registry.npmjs.org/
32 silly mapToRegistry uri https://registry.npmjs.org/steroids
33 verbose addRemoteTarball https://registry.npmjs.org/steroids/-/steroids-4.0.15.tgz not in flight; adding
34 verbose addRemoteTarball [ 'https://registry.npmjs.org/steroids/-/steroids-4.0.15.tgz',
34 verbose addRemoteTarball   '13e884f0efb0e9eb5ac67c54aa5f556732d7a1d2' ]
35 info retry fetch attempt 1 at 3:39:29 PM
36 info attempt registry request try #1 at 3:39:29 PM
37 http fetch GET https://registry.npmjs.org/steroids/-/steroids-4.0.15.tgz
38 http fetch 200 https://registry.npmjs.org/steroids/-/steroids-4.0.15.tgz
39 silly fetchAndShaCheck shasum 13e884f0efb0e9eb5ac67c54aa5f556732d7a1d2
40 verbose addTmpTarball /var/folders/7l/vlvlhvln5zz4tygkzphz7ksh0000gn/T/npm-435-fa6ede6d/registry.npmjs.org/steroids/-/steroids-4.0.15.tgz not in flight; adding
41 verbose addTmpTarball already have metadata; skipping unpack for steroids@4.0.15
42 silly cache afterAdd steroids@4.0.15
43 verbose afterAdd /Users/arisatoyosaki/.npm/steroids/4.0.15/package/package.json not in flight; writing
44 verbose afterAdd /Users/arisatoyosaki/.npm/steroids/4.0.15/package/package.json written
45 silly install resolved [ { name: 'steroids',
45 silly install resolved     version: '4.0.15',
45 silly install resolved     preferGlobal: 'true',
45 silly install resolved     license: 'MIT',
45 silly install resolved     author: { name: 'AppGyver', email: 'contact@appgyver.com' },
45 silly install resolved     description: 'AppGyver Steroids Command Line Interface',
45 silly install resolved     contributors: [ [Object], [Object], [Object], [Object], [Object], [Object] ],
45 silly install resolved     bin: { steroids: './bin/steroids' },
45 silly install resolved     scripts: { preinstall: 'node ./bin/preinstall.js || nodejs ./bin/preinstall.js' },
45 silly install resolved     keywords:
45 silly install resolved      [ 'steroids.js',
45 silly install resolved        'appgyver',
45 silly install resolved        'client',
45 silly install resolved        'cli',
45 silly install resolved        'phonegap',
45 silly install resolved        'cordova',
45 silly install resolved        'supersonic',
45 silly install resolved        'ionic' ],
45 silly install resolved     repository: { type: 'git', url: 'git://github.com/AppGyver/steroids.git' },
45 silly install resolved     engines: { node: '>=0.10.17', npm: '>=1.3.8' },
45 silly install resolved     devDependencies: { 'jasmine-node': '1.14.5' },
45 silly install resolved     dependencies:
45 silly install resolved      { 'ios-sim': 'http://appgyver-steroids.s3.amazonaws.com/ios-sim-3.0.0-AppGyver-p1.tgz',
45 silly install resolved        'steroids-android-packages': 'http://appgyver-steroids.s3.amazonaws.com/steroids-android-packages-0.0.8.tgz',
45 silly install resolved        'steroids-ios-packages': 'http://appgyver-steroids.s3.amazonaws.com/steroids-ios-packages-4.0.3.tgz',
45 silly install resolved        bower: '1.3.8',
45 silly install resolved        'coffee-script': '1.6.3',
45 silly install resolved        colorize: '0.1.0',
45 silly install resolved        express: '4.8.8',
45 silly install resolved        grunt: '0.4.5',
45 silly install resolved        inquirer: '0.3.4',
45 silly install resolved        oauth: '0.9.10',
45 silly install resolved        open: '0.0.4',
45 silly install resolved        optimist: '0.6.0',
45 silly install resolved        'path-extra': '0.3.0',
45 silly install resolved        portscanner: '1.0.0',
45 silly install resolved        prompt: '0.2.11',
45 silly install resolved        'qrcode-terminal': '0.9.4',
45 silly install resolved        request: '2.53.0',
45 silly install resolved        restler: '3.2.2',
45 silly install resolved        semver: '2.3.1',
45 silly install resolved        wrench: '1.5.4',
45 silly install resolved        'yeoman-generator': '0.17.7',
45 silly install resolved        q: '0.9.7',
45 silly install resolved        chalk: '0.3.0',
45 silly install resolved        'generator-steroids': '1.0.18',
45 silly install resolved        'js-yaml': '3.0.2',
45 silly install resolved        'express-json': '1.0.0',
45 silly install resolved        winston: '0.9.0',
45 silly install resolved        'body-parser': '1.8.1',
45 silly install resolved        'steroids-connect': '1.0.33',
45 silly install resolved        'tiny-lr': 'http://appgyver-steroids.s3.amazonaws.com/tiny-lr-0.1.4-AppGyver-p0.tgz',
45 silly install resolved        lodash: '2.4.1',
45 silly install resolved        'data.either': '1.2.0',
45 silly install resolved        xmlbuilder: '2.6.1',
45 silly install resolved        bluebird: '2.3.5',
45 silly install resolved        chokidar: '1.0.0-rc3',
45 silly install resolved        'chrome-cli': 'http://appgyver-steroids.s3.amazonaws.com/chrome-cli-1.5.0-AppGyver-p0.tgz',
45 silly install resolved        npm: '2.1.7',
45 silly install resolved        figlet: '1.1.0',
45 silly install resolved        'fs-extra': '0.13.0',
45 silly install resolved        xml2js: '0.4.4' },
45 silly install resolved     gitHead: '32fb92e4acc816fdea95b5776a46f17161dbb2bf',
45 silly install resolved     bugs: { url: 'https://github.com/AppGyver/steroids/issues' },
45 silly install resolved     homepage: 'https://github.com/AppGyver/steroids',
45 silly install resolved     _id: 'steroids@4.0.15',
45 silly install resolved     _shasum: '13e884f0efb0e9eb5ac67c54aa5f556732d7a1d2',
45 silly install resolved     _from: 'steroids@*',
45 silly install resolved     _npmVersion: '2.1.4',
45 silly install resolved     _nodeVersion: '0.10.32',
45 silly install resolved     _npmUser: { name: 'ezku', email: 'eevert.saukkokoski@appgyver.com' },
45 silly install resolved     maintainers:
45 silly install resolved      [ [Object],
45 silly install resolved        [Object],
45 silly install resolved        [Object],
45 silly install resolved        [Object],
45 silly install resolved        [Object],
45 silly install resolved        [Object],
45 silly install resolved        [Object],
45 silly install resolved        [Object] ],
45 silly install resolved     dist:
45 silly install resolved      { shasum: '13e884f0efb0e9eb5ac67c54aa5f556732d7a1d2',
45 silly install resolved        tarball: 'http://registry.npmjs.org/steroids/-/steroids-4.0.15.tgz' },
45 silly install resolved     directories: {},
45 silly install resolved     _resolved: 'https://registry.npmjs.org/steroids/-/steroids-4.0.15.tgz' } ]
46 info install steroids@4.0.15 into /usr/local/lib
47 info installOne steroids@4.0.15
48 verbose installOne of steroids to /usr/local/lib not in flight; installing
49 verbose lock using /Users/arisatoyosaki/.npm/_locks/steroids-36911c2af98a4488.lock for /usr/local/lib/node_modules/steroids
50 silly install write writing steroids 4.0.15 to /usr/local/lib/node_modules/steroids
51 silly cache addNamed cb steroids@4.0.15
52 verbose unbuild lib/node_modules/steroids
53 silly gentlyRm /usr/local/lib/node_modules/steroids is being purged from base /usr/local
54 verbose gentlyRm don't care about contents; nuking /usr/local/lib/node_modules/steroids
55 verbose tar unpack /Users/arisatoyosaki/.npm/steroids/4.0.15/package.tgz
56 verbose tar unpacking to /usr/local/lib/node_modules/steroids
57 silly gentlyRm /usr/local/lib/node_modules/steroids is being purged
58 verbose gentlyRm don't care about contents; nuking /usr/local/lib/node_modules/steroids
59 silly gunzTarPerm modes [ '755', '644' ]
60 silly gunzTarPerm extractEntry package.json
61 silly gunzTarPerm extractEntry .npmignore
62 silly gunzTarPerm extractEntry README.md
63 silly gunzTarPerm extractEntry LICENSE
64 silly gunzTarPerm extractEntry CHANGELOG.md
65 silly gunzTarPerm extractEntry CONTRIBUTING.md
66 silly gunzTarPerm extractEntry Gemfile
67 silly gunzTarPerm extractEntry Gemfile.lock
68 silly gunzTarPerm extractEntry vendor/7zip/7-zip.chm
69 silly gunzTarPerm extractEntry vendor/7zip/7za.exe
70 silly gunzTarPerm extractEntry vendor/7zip/license.txt
71 silly gunzTarPerm extractEntry vendor/7zip/readme.txt
72 silly gunzTarPerm extractEntry .ruby-version
73 silly gunzTarPerm extractEntry appveyor.yml
74 silly gunzTarPerm extractEntry bin/preinstall.js
75 silly gunzTarPerm extractEntry bin/steroids
76 silly gunzTarPerm extractEntry bin/test
77 silly gunzTarPerm extractEntry bin/test.cmd
78 silly gunzTarPerm extractEntry .ruby-gemset
79 silly gunzTarPerm extractEntry doc/dependencies.csv
80 silly gunzTarPerm extractEntry doc/dependencies.db
81 silly gunzTarPerm extractEntry doc/dependencies.html
82 silly gunzTarPerm extractEntry doc/dependencies.md
83 silly gunzTarPerm extractEntry doc/dependencies_detailed.csv
84 silly gunzTarPerm extractEntry update.sh
85 silly gunzTarPerm extractEntry .travis.yml
86 silly gunzTarPerm extractEntry public/__appgyver/connect/images/steroids_logo.png
87 silly gunzTarPerm extractEntry public/__appgyver/connect/javascripts/jquery-1.8.3.min.js
88 silly gunzTarPerm extractEntry public/__appgyver/connect/javascripts/jquery.qrcode.js
89 silly gunzTarPerm extractEntry public/__appgyver/connect/javascripts/qrcode.js
90 silly gunzTarPerm extractEntry public/__appgyver/connect/qrcode.html
91 silly gunzTarPerm extractEntry public/__appgyver/connect/qrcode_test.html
92 silly gunzTarPerm extractEntry public/__appgyver/index.html
93 silly gunzTarPerm extractEntry public/__appgyver/login/oauth2_success.html
94 silly gunzTarPerm extractEntry publish-plz.sh
95 silly gunzTarPerm extractEntry remove-node.sh
96 silly gunzTarPerm extractEntry scripts/travis/install.sh
97 silly gunzTarPerm extractEntry scripts/travis/install_linux.sh
98 silly gunzTarPerm extractEntry scripts/travis/install_osx.sh
99 silly gunzTarPerm extractEntry spec/monkeypatch_timeout.js
100 silly gunzTarPerm extractEntry spec/command_runner.coffee
101 silly gunzTarPerm extractEntry spec/core/connect.spec.coffee
102 silly gunzTarPerm extractEntry spec/core/deploy.spec.coffee
103 silly gunzTarPerm extractEntry spec/core/genymotion.spec.coffee
104 silly gunzTarPerm extractEntry spec/core/make.spec.coffee
105 silly gunzTarPerm extractEntry spec/core/packager.spec.coffee
106 silly gunzTarPerm extractEntry spec/core/simulator.spec.coffee
107 silly gunzTarPerm extractEntry spec/core/steroids.spec.coffee
108 silly gunzTarPerm extractEntry spec/core/usages.spec.coffee
109 silly gunzTarPerm extractEntry spec/core/version.spec.coffee
110 silly gunzTarPerm extractEntry spec/create/create.slow.spec.coffee
111 silly gunzTarPerm extractEntry spec/create/create.spec.coffee
112 silly gunzTarPerm extractEntry spec/data/data.init.spec.coffee
113 silly gunzTarPerm extractEntry spec/data/data.sync.spec.coffee
114 silly gunzTarPerm extractEntry spec/test_helper.coffee
115 silly gunzTarPerm extractEntry src/steroids/Server.coffee
116 silly gunzTarPerm extractEntry src/steroids/AppSettings.coffee
117 silly gunzTarPerm extractEntry src/steroids/Bower.coffee
118 silly gunzTarPerm extractEntry src/steroids/CloudConfig.coffee
119 silly gunzTarPerm extractEntry src/steroids/ConfigJsonGenerator.coffee
120 silly gunzTarPerm extractEntry src/steroids/ConfigXmlGenerator.coffee
121 silly gunzTarPerm extractEntry src/steroids/Converter.coffee
122 silly gunzTarPerm extractEntry src/steroids/Data.coffee
123 silly gunzTarPerm extractEntry src/steroids/Deploy.coffee
124 silly gunzTarPerm extractEntry src/steroids/DeployConverter.coffee
125 silly gunzTarPerm extractEntry src/steroids/Generators.coffee
126 silly gunzTarPerm extractEntry src/steroids/Grunt.coffee
127 silly gunzTarPerm extractEntry src/steroids/Help.coffee
128 silly gunzTarPerm extractEntry src/steroids/Login.coffee
129 silly gunzTarPerm extractEntry src/steroids/Npm.coffee
130 silly gunzTarPerm extractEntry src/steroids/Packager.coffee
131 silly gunzTarPerm extractEntry src/steroids/PortChecker.coffee
132 silly gunzTarPerm extractEntry src/steroids/ProjectCreator.coffee
133 silly gunzTarPerm extractEntry src/steroids/Prompt.coffee
134 silly gunzTarPerm extractEntry src/steroids/QRCode.coffee
135 silly gunzTarPerm extractEntry src/steroids/SafariDebug.coffee
136 silly gunzTarPerm extractEntry src/steroids/Serve.coffee
137 silly gunzTarPerm extractEntry src/steroids/ApplicationConfigUpdater.coffee
138 silly gunzTarPerm extractEntry src/steroids/Simulator.coffee
139 silly gunzTarPerm extractEntry src/steroids/Updater.coffee
140 silly gunzTarPerm extractEntry src/steroids/banner/banner.coffee
141 silly gunzTarPerm extractEntry src/steroids/connect/connect.coffee
142 silly gunzTarPerm extractEntry src/steroids/connect.coffee
143 silly gunzTarPerm extractEntry src/steroids/data/Helpers.coffee
144 silly gunzTarPerm extractEntry src/steroids/data/Provider.coffee
145 silly gunzTarPerm extractEntry src/steroids/data/Resource.coffee
146 silly gunzTarPerm extractEntry src/steroids/data/SandboxDB.coffee
147 silly gunzTarPerm extractEntry src/steroids/debug/chrome.coffee
148 silly gunzTarPerm extractEntry src/steroids/emulate/android.coffee
149 silly gunzTarPerm extractEntry src/steroids/emulate/genymotion.coffee
150 silly gunzTarPerm extractEntry src/steroids/features.coffee
151 silly gunzTarPerm extractEntry src/steroids/fs/watcher.coffee
152 silly gunzTarPerm extractEntry src/steroids/fs/zip.coffee
153 silly gunzTarPerm extractEntry src/steroids/generators/Base.coffee
154 silly gunzTarPerm extractEntry src/steroids/generators/DataModule.coffee
155 silly gunzTarPerm extractEntry src/steroids/generators/Module.coffee
156 silly gunzTarPerm extractEntry src/steroids/log/logcat.coffee
157 silly gunzTarPerm extractEntry src/steroids/log/steroids_log.coffee
158 silly gunzTarPerm extractEntry src/steroids/logout.coffee
159 silly gunzTarPerm extractEntry src/steroids/packager/Base.coffee
160 silly gunzTarPerm extractEntry src/steroids/packager/CordovaPackager.coffee
161 silly gunzTarPerm extractEntry src/steroids/packager/PackagerFactory.coffee
162 silly gunzTarPerm extractEntry src/steroids/packager/SteroidsPackager.coffee
163 silly gunzTarPerm extractEntry src/steroids/paths.coffee
164 silly gunzTarPerm extractEntry src/steroids/project/Base.coffee
165 silly gunzTarPerm extractEntry src/steroids/project/CordovaProject.coffee
166 silly gunzTarPerm extractEntry src/steroids/project/ProjectFactory.coffee
167 silly gunzTarPerm extractEntry src/steroids/project/SteroidsProject.coffee
168 silly gunzTarPerm extractEntry src/steroids/project/config.coffee
169 silly gunzTarPerm extractEntry src/steroids/project/cordova-config.coffee
170 silly gunzTarPerm extractEntry src/steroids/project/legacy-config.coffee
171 silly gunzTarPerm extractEntry src/steroids/project/supersonic-config.coffee
172 silly gunzTarPerm extractEntry src/steroids/routingHelpers.coffee
173 silly gunzTarPerm extractEntry src/steroids/sbawn.coffee
174 silly gunzTarPerm extractEntry src/steroids/servers/BuildServerBase.coffee
175 silly gunzTarPerm extractEntry src/steroids/servers/BuildServerFactory.coffee
176 silly gunzTarPerm extractEntry src/steroids/servers/CordovaBuildServer.coffee
177 silly gunzTarPerm extractEntry src/steroids/servers/LoginServer.coffee
178 silly gunzTarPerm extractEntry src/steroids/servers/SteroidsBuildServer.coffee
179 silly gunzTarPerm extractEntry src/steroids/servers/WebServer.coffee
180 silly gunzTarPerm extractEntry src/steroids/usage.coffee
181 silly gunzTarPerm extractEntry src/steroids/version/version.coffee
182 silly gunzTarPerm extractEntry src/steroids.coffee
183 silly gunzTarPerm extractEntry support/legacy-debugweinre
184 silly gunzTarPerm extractEntry support/attention
185 silly gunzTarPerm extractEntry support/chrome/ripple.crx
186 silly gunzTarPerm extractEntry support/connect
187 silly gunzTarPerm extractEntry support/cordova/native-styles/ios.css
188 silly gunzTarPerm extractEntry support/data-usage
189 silly gunzTarPerm extractEntry support/deploy-completed
190 silly gunzTarPerm extractEntry support/dolan
191 silly gunzTarPerm extractEntry support/error
192 silly gunzTarPerm extractEntry support/error-nocolors
193 silly gunzTarPerm extractEntry support/iossim-reset
194 silly gunzTarPerm extractEntry support/awesome
195 silly gunzTarPerm extractEntry support/legacy-serve
196 silly gunzTarPerm extractEntry support/legacy-simulatortype
197 silly gunzTarPerm extractEntry support/loggedin
198 silly gunzTarPerm extractEntry support/loggedout
199 silly gunzTarPerm extractEntry support/logo
200 silly gunzTarPerm extractEntry support/new-client-version-available
201 silly gunzTarPerm extractEntry support/new-version-available
202 silly gunzTarPerm extractEntry support/ready
203 silly gunzTarPerm extractEntry support/scripts/yosemite-safari.js
204 silly gunzTarPerm extractEntry support/scripts/SafariDebugWebViewLister.scpt
205 silly gunzTarPerm extractEntry support/scripts/ensureAssistiveAccess.scpt
206 silly gunzTarPerm extractEntry support/scripts/openSafariDevMenu.scpt
207 silly gunzTarPerm extractEntry support/scripts/yosemite-safari.coffee
208 silly gunzTarPerm extractEntry support/success-caps
209 silly gunzTarPerm extractEntry support/usage/compact
210 silly gunzTarPerm extractEntry support/usage/create
211 silly gunzTarPerm extractEntry support/usage/debug
212 silly gunzTarPerm extractEntry support/usage/emulate
213 silly gunzTarPerm extractEntry support/usage/extended
214 silly gunzTarPerm extractEntry support/usage/footer
215 silly gunzTarPerm extractEntry support/usage/log
216 silly gunzTarPerm extractEntry config/license_finder.yml
217 info preinstall steroids@4.0.15
218 verbose unsafe-perm in lifecycle true
219 info steroids@4.0.15 Failed to exec preinstall script
220 verbose unlock done using /Users/arisatoyosaki/.npm/_locks/steroids-36911c2af98a4488.lock for /usr/local/lib/node_modules/steroids
221 verbose stack Error: steroids@4.0.15 preinstall: `node ./bin/preinstall.js || nodejs ./bin/preinstall.js`
221 verbose stack Exit status 127
221 verbose stack     at EventEmitter.<anonymous> (/usr/local/lib/node_modules/npm/lib/utils/lifecycle.js:213:16)
221 verbose stack     at EventEmitter.emit (events.js:110:17)
221 verbose stack     at ChildProcess.<anonymous> (/usr/local/lib/node_modules/npm/lib/utils/spawn.js:14:12)
221 verbose stack     at ChildProcess.emit (events.js:110:17)
221 verbose stack     at maybeClose (child_process.js:1015:16)
221 verbose stack     at Process.ChildProcess._handle.onexit (child_process.js:1087:5)
222 verbose pkgid steroids@4.0.15
223 verbose cwd /Users/arisatoyosaki/Desktop/IckyPicky
224 error Darwin 13.4.0
225 error argv "node" "/usr/local/bin/npm" "install" "steroids" "-g"
226 error node v0.12.2
227 error npm  v2.7.4
228 error code ELIFECYCLE
229 error steroids@4.0.15 preinstall: `node ./bin/preinstall.js || nodejs ./bin/preinstall.js`
229 error Exit status 127
230 error Failed at the steroids@4.0.15 preinstall script 'node ./bin/preinstall.js || nodejs ./bin/preinstall.js'.
230 error This is most likely a problem with the steroids package,
230 error not with npm itself.
230 error Tell the author that this fails on your system:
230 error     node ./bin/preinstall.js || nodejs ./bin/preinstall.js
230 error You can get their info via:
230 error     npm owner ls steroids
230 error There is likely additional logging output above.
231 verbose exit [ 1, true ]
232 verbose unbuild lib/node_modules/steroids
233 info preuninstall steroids@4.0.15
234 info uninstall steroids@4.0.15
235 verbose unbuild rmStuff steroids@4.0.15 from /usr/local/lib/node_modules
236 silly gentlyRm /usr/local/bin/steroids is being gently removed
237 silly gentlyRm verifying /usr/local is an npm working directory
238 silly gentlyRm containing path /usr/local is under npm's control, in /usr/local
239 silly gentlyRm deletion target /usr/local/bin/steroids is under /usr/local
240 verbose gentlyRm vacuuming from /usr/local/bin/steroids up to /usr/local
241 info postuninstall steroids@4.0.15
242 silly gentlyRm /usr/local/lib/node_modules/steroids is being purged from base /usr/local
243 verbose gentlyRm don't care about contents; nuking /usr/local/lib/node_modules/steroids
244 silly vacuum-fs purging /usr/local/lib/node_modules/steroids
245 silly vacuum-fs quitting because other entries in /usr/local/lib/node_modules
